{
  "stats": {
    "suites": 1,
    "tests": 2,
    "passes": 2,
    "pending": 0,
    "failures": 0,
    "start": "2024-02-28T16:17:14.973Z",
    "end": "2024-02-28T16:17:18.932Z",
    "duration": 3959,
    "testsRegistered": 2,
    "passPercent": 100,
    "pendingPercent": 0,
    "other": 0,
    "hasOther": false,
    "skipped": 0,
    "hasSkipped": false
  },
  "results": [
    {
      "uuid": "c16ff64d-4288-4204-b8cb-2ca2c7e48a26",
      "title": "",
      "fullFile": "cypress\\e2e\\login-incorreto.cy.js",
      "file": "cypress\\e2e\\login-incorreto.cy.js",
      "beforeHooks": [],
      "afterHooks": [],
      "tests": [],
      "suites": [
        {
          "uuid": "8334eec1-5d50-4244-b984-9e3190248022",
          "title": "Página de login",
          "fullFile": "",
          "file": "",
          "beforeHooks": [],
          "afterHooks": [],
          "tests": [
            {
              "title": "Verificar mensagem de campos obrigatórios",
              "fullTitle": "Página de login Verificar mensagem de campos obrigatórios",
              "timedOut": null,
              "duration": 970,
              "state": "passed",
              "speed": "fast",
              "pass": true,
              "fail": false,
              "pending": false,
              "context": null,
              "code": "cy.visit('https://3076-cypress-alurapic-front.vercel.app/#/home');\ncy.contains('User name is required!').should('be.visible');\ncy.contains('Password is required!').should('be.visible');",
              "err": {},
              "uuid": "a826840c-3529-408a-9fb0-0f44c4a40b31",
              "parentUUID": "8334eec1-5d50-4244-b984-9e3190248022",
              "isHook": false,
              "skipped": false
            },
            {
              "title": "Enviar credenciais inválidas",
              "fullTitle": "Página de login Enviar credenciais inválidas",
              "timedOut": null,
              "duration": 1126,
              "state": "passed",
              "speed": "fast",
              "pass": true,
              "fail": false,
              "pending": false,
              "context": null,
              "code": "cy.login('jhonyInvalido', 'qwer1234');\ncy.on('window:alert', message => {\n  expect(message).to.equal('Invalid user name or password');\n});",
              "err": {},
              "uuid": "f9a9778b-88bf-4dea-ab6b-33d8c35dd154",
              "parentUUID": "8334eec1-5d50-4244-b984-9e3190248022",
              "isHook": false,
              "skipped": false
            }
          ],
          "suites": [],
          "passes": [
            "a826840c-3529-408a-9fb0-0f44c4a40b31",
            "f9a9778b-88bf-4dea-ab6b-33d8c35dd154"
          ],
          "failures": [],
          "pending": [],
          "skipped": [],
          "duration": 2096,
          "root": false,
          "rootEmpty": false,
          "_timeout": 2000
        }
      ],
      "passes": [],
      "failures": [],
      "pending": [],
      "skipped": [],
      "duration": 0,
      "root": true,
      "rootEmpty": true,
      "_timeout": 2000
    }
  ],
  "meta": {
    "mocha": {
      "version": "7.0.1"
    },
    "mochawesome": {
      "options": {
        "quiet": false,
        "reportFilename": "mochawesome",
        "saveHtml": true,
        "saveJson": true,
        "consoleReporter": "spec",
        "useInlineDiffs": false,
        "code": true
      },
      "version": "7.1.3"
    },
    "marge": {
      "options": null,
      "version": "6.2.0"
    }
  }
}